[2025-12-30 09:23:11,895] 0d810e48f0e4/INFO/locust.main: Starting Locust 2.34.0
[2025-12-30 09:23:11,895] 0d810e48f0e4/WARNING/locust.main: Python 3.9 support is deprecated and will be removed soon
[2025-12-30 09:23:11,896] 0d810e48f0e4/INFO/locust.main: Run time limit set to 60 seconds
Type     Name                                                                          # reqs      # fails |    Avg     Min     Max    Med |   req/s  failures/s
--------|----------------------------------------------------------------------------|-------|-------------|-------|-------|-------|-------|--------|-----------
--------|----------------------------------------------------------------------------|-------|-------------|-------|-------|-------|-------|--------|-----------
         Aggregated                                                                         0     0(0.00%) |      0       0       0      0 |    0.00        0.00

[2025-12-30 09:23:11,897] 0d810e48f0e4/INFO/locust.runners: Ramping to 10 users at a rate of 10.00 per second
[2025-12-30 09:23:11,897] 0d810e48f0e4/INFO/locust.runners: All users spawned: {"SqlUser": 10} (10 total users)
[2025-12-30 09:23:11,906] 0d810e48f0e4/INFO/botocore.credentials: Found credentials in environment variables.
[2025-12-30 09:23:11,969] 0d810e48f0e4/INFO/botocore.credentials: Found credentials in environment variables.
[2025-12-30 09:23:12,055] 0d810e48f0e4/INFO/botocore.credentials: Found credentials in environment variables.
[2025-12-30 09:23:12,111] 0d810e48f0e4/INFO/botocore.credentials: Found credentials in environment variables.
[2025-12-30 09:23:12,174] 0d810e48f0e4/INFO/botocore.credentials: Found credentials in environment variables.
[2025-12-30 09:23:12,291] 0d810e48f0e4/INFO/botocore.credentials: Found credentials in environment variables.
[2025-12-30 09:23:12,353] 0d810e48f0e4/INFO/botocore.credentials: Found credentials in environment variables.
[2025-12-30 09:23:12,438] 0d810e48f0e4/INFO/botocore.credentials: Found credentials in environment variables.
[2025-12-30 09:23:12,495] 0d810e48f0e4/INFO/botocore.credentials: Found credentials in environment variables.
[2025-12-30 09:23:12,646] 0d810e48f0e4/INFO/botocore.credentials: Found credentials in environment variables.
Type     Name                                                                          # reqs      # fails |    Avg     Min     Max    Med |   req/s  failures/s
--------|----------------------------------------------------------------------------|-------|-------------|-------|-------|-------|-------|--------|-----------
sql      heavy_analytic_query.sql                                                           1     0(0.00%) |     12      12      12     12 |    0.00        0.00
sql      select_1.sql                                                                       3     0(0.00%) |      0       0       0      0 |    0.00        0.00
sql      select_all_users.sql                                                               2     0(0.00%) |      1       1       1      1 |    0.00        0.00
sql      select_with_join.sql                                                               3     0(0.00%) |      1       1       1      1 |    0.00        0.00
sql      slow_search_query.sql                                                              1     0(0.00%) |      6       6       6      6 |    0.00        0.00
--------|----------------------------------------------------------------------------|-------|-------------|-------|-------|-------|-------|--------|-----------
         Aggregated                                                                        10     0(0.00%) |      2       0      12      1 |    0.00        0.00

Type     Name                                                                          # reqs      # fails |    Avg     Min     Max    Med |   req/s  failures/s
--------|----------------------------------------------------------------------------|-------|-------------|-------|-------|-------|-------|--------|-----------
sql      heavy_analytic_query.sql                                                           3     0(0.00%) |     13      12      15     12 |    0.50        0.00
sql      select_1.sql                                                                       5     0(0.00%) |      0       0       0      0 |    1.50        0.00
sql      select_all_users.sql                                                               2     0(0.00%) |      1       1       1      1 |    1.00        0.00
sql      select_with_join.sql                                                               3     0(0.00%) |      1       1       1      1 |    1.50        0.00
sql      slow_search_query.sql                                                              1     0(0.00%) |      6       6       6      6 |    0.50        0.00
--------|----------------------------------------------------------------------------|-------|-------------|-------|-------|-------|-------|--------|-----------
         Aggregated                                                                        14     0(0.00%) |      3       0      15      1 |    5.00        0.00

Type     Name                                                                          # reqs      # fails |    Avg     Min     Max    Med |   req/s  failures/s
--------|----------------------------------------------------------------------------|-------|-------------|-------|-------|-------|-------|--------|-----------
sql      heavy_analytic_query.sql                                                           4     0(0.00%) |     12      12      15     12 |    0.50        0.00
sql      select_1.sql                                                                       6     0(0.00%) |      0       0       0      0 |    0.75        0.00
sql      select_all_users.sql                                                               4     0(0.00%) |      0       0       1      1 |    0.50        0.00
sql      select_with_join.sql                                                               5     0(0.00%) |      0       0       1      1 |    0.75        0.00
sql      slow_search_query.sql                                                              1     0(0.00%) |      6       6       6      6 |    0.25        0.00
--------|----------------------------------------------------------------------------|-------|-------------|-------|-------|-------|-------|--------|-----------
         Aggregated                                                                        20     0(0.00%) |      3       0      15      1 |    2.75        0.00

Type     Name                                                                          # reqs      # fails |    Avg     Min     Max    Med |   req/s  failures/s
--------|----------------------------------------------------------------------------|-------|-------------|-------|-------|-------|-------|--------|-----------
sql      heavy_analytic_query.sql                                                           4     0(0.00%) |     12      12      15     12 |    0.67        0.00
sql      select_1.sql                                                                       6     0(0.00%) |      0       0       0      0 |    0.83        0.00
sql      select_all_users.sql                                                               7     0(0.00%) |      0       0       1      0 |    0.33        0.00
sql      select_with_join.sql                                                               8     0(0.00%) |      0       0       1      0 |    0.67        0.00
sql      slow_search_query.sql                                                              2     0(0.00%) |      6       6       6      6 |    0.17        0.00
--------|----------------------------------------------------------------------------|-------|-------------|-------|-------|-------|-------|--------|-----------
         Aggregated                                                                        27     0(0.00%) |      2       0      15      0 |    2.67        0.00

Type     Name                                                                          # reqs      # fails |    Avg     Min     Max    Med |   req/s  failures/s
--------|----------------------------------------------------------------------------|-------|-------------|-------|-------|-------|-------|--------|-----------
sql      heavy_analytic_query.sql                                                           6     0(0.00%) |     11       8      15     12 |    0.50        0.00
sql      select_1.sql                                                                       8     0(0.00%) |      0       0       0      0 |    0.75        0.00
sql      select_all_users.sql                                                               8     0(0.00%) |      0       0       1      0 |    0.62        0.00
sql      select_with_join.sql                                                               8     0(0.00%) |      0       0       1      0 |    0.62        0.00
sql      slow_search_query.sql                                                              3     0(0.00%) |      6       6       6      6 |    0.12        0.00
--------|----------------------------------------------------------------------------|-------|-------------|-------|-------|-------|-------|--------|-----------
         Aggregated                                                                        33     0(0.00%) |      2       0      15      0 |    2.62        0.00

Type     Name                                                                          # reqs      # fails |    Avg     Min     Max    Med |   req/s  failures/s
--------|----------------------------------------------------------------------------|-------|-------------|-------|-------|-------|-------|--------|-----------
sql      heavy_analytic_query.sql                                                           7     0(0.00%) |     11       8      15     12 |    0.60        0.00
sql      select_1.sql                                                                      10     0(0.00%) |      0       0       0      0 |    0.60        0.00
sql      select_all_users.sql                                                               9     0(0.00%) |      0       0       1      0 |    0.80        0.00
sql      select_with_join.sql                                                              11     0(0.00%) |      0       0       1      0 |    0.80        0.00
sql      slow_search_query.sql                                                              3     0(0.00%) |      6       6       6      6 |    0.30        0.00
--------|----------------------------------------------------------------------------|-------|-------------|-------|-------|-------|-------|--------|-----------
         Aggregated                                                                        40     0(0.00%) |      2       0      15      0 |    3.10        0.00

Type     Name                                                                          # reqs      # fails |    Avg     Min     Max    Med |   req/s  failures/s
--------|----------------------------------------------------------------------------|-------|-------------|-------|-------|-------|-------|--------|-----------
sql      heavy_analytic_query.sql                                                          10     0(0.00%) |     10       8      15      9 |    0.60        0.00
sql      select_1.sql                                                                      11     0(0.00%) |      0       0       0      0 |    0.50        0.00
sql      select_all_users.sql                                                              12     0(0.00%) |      0       0       1      0 |    0.60        0.00
sql      select_with_join.sql                                                              12     0(0.00%) |      0       0       1      0 |    0.60        0.00
sql      slow_search_query.sql                                                              3     0(0.00%) |      6       6       6      6 |    0.20        0.00
--------|----------------------------------------------------------------------------|-------|-------------|-------|-------|-------|-------|--------|-----------
         Aggregated                                                                        48     0(0.00%) |      2       0      15      0 |    2.50        0.00

Type     Name                                                                          # reqs      # fails |    Avg     Min     Max    Med |   req/s  failures/s
--------|----------------------------------------------------------------------------|-------|-------------|-------|-------|-------|-------|--------|-----------
sql      heavy_analytic_query.sql                                                          12     0(0.00%) |     10       8      15      9 |    0.60        0.00
sql      select_1.sql                                                                      11     0(0.00%) |      0       0       0      0 |    0.80        0.00
sql      select_all_users.sql                                                              12     0(0.00%) |      0       0       1      0 |    1.00        0.00
sql      select_with_join.sql                                                              14     0(0.00%) |      0       0       1      0 |    0.90        0.00
sql      slow_search_query.sql                                                              4     0(0.00%) |      5       3       6      6 |    0.20        0.00
--------|----------------------------------------------------------------------------|-------|-------------|-------|-------|-------|-------|--------|-----------
         Aggregated                                                                        53     0(0.00%) |      2       0      15      0 |    3.50        0.00

Type     Name                                                                          # reqs      # fails |    Avg     Min     Max    Med |   req/s  failures/s
--------|----------------------------------------------------------------------------|-------|-------------|-------|-------|-------|-------|--------|-----------
sql      heavy_analytic_query.sql                                                          13     0(0.00%) |     10       8      15      9 |    0.70        0.00
sql      select_1.sql                                                                      11     0(0.00%) |      0       0       0      0 |    0.60        0.00
sql      select_all_users.sql                                                              13     0(0.00%) |      0       0       1      0 |    1.00        0.00
sql      select_with_join.sql                                                              16     0(0.00%) |      0       0       1      0 |    1.00        0.00
sql      slow_search_query.sql                                                              5     0(0.00%) |      4       3       6      6 |    0.20        0.00
--------|----------------------------------------------------------------------------|-------|-------------|-------|-------|-------|-------|--------|-----------
         Aggregated                                                                        58     0(0.00%) |      2       0      15      0 |    3.50        0.00

Type     Name                                                                          # reqs      # fails |    Avg     Min     Max    Med |   req/s  failures/s
--------|----------------------------------------------------------------------------|-------|-------------|-------|-------|-------|-------|--------|-----------
sql      heavy_analytic_query.sql                                                          14     0(0.00%) |     10       8      15      9 |    0.90        0.00
sql      select_1.sql                                                                      14     0(0.00%) |      0       0       0      0 |    0.50        0.00
sql      select_all_users.sql                                                              15     0(0.00%) |      0       0       1      0 |    0.80        0.00
sql      select_with_join.sql                                                              17     0(0.00%) |      0       0       1      0 |    0.90        0.00
sql      slow_search_query.sql                                                              6     0(0.00%) |      4       2       6      3 |    0.40        0.00
--------|----------------------------------------------------------------------------|-------|-------------|-------|-------|-------|-------|--------|-----------
         Aggregated                                                                        66     0(0.00%) |      2       0      15      0 |    3.50        0.00

Type     Name                                                                          # reqs      # fails |    Avg     Min     Max    Med |   req/s  failures/s
--------|----------------------------------------------------------------------------|-------|-------------|-------|-------|-------|-------|--------|-----------
sql      heavy_analytic_query.sql                                                          16     0(0.00%) |     10       8      15      9 |    0.70        0.00
sql      select_1.sql                                                                      16     0(0.00%) |      0       0       0      0 |    0.70        0.00
sql      select_all_users.sql                                                              15     0(0.00%) |      0       0       1      0 |    0.70        0.00
sql      select_with_join.sql                                                              17     0(0.00%) |      0       0       1      0 |    0.90        0.00
sql      slow_search_query.sql                                                              8     0(0.00%) |      3       2       6      3 |    0.30        0.00
--------|----------------------------------------------------------------------------|-------|-------------|-------|-------|-------|-------|--------|-----------
         Aggregated                                                                        72     0(0.00%) |      2       0      15      0 |    3.30        0.00

Type     Name                                                                          # reqs      # fails |    Avg     Min     Max    Med |   req/s  failures/s
--------|----------------------------------------------------------------------------|-------|-------------|-------|-------|-------|-------|--------|-----------
sql      heavy_analytic_query.sql                                                          17     0(0.00%) |     10       8      15      9 |    0.90        0.00
sql      select_1.sql                                                                      17     0(0.00%) |      0       0       0      0 |    0.80        0.00
sql      select_all_users.sql                                                              17     0(0.00%) |      0       0       1      0 |    0.70        0.00
sql      select_with_join.sql                                                              18     0(0.00%) |      0       0       1      0 |    0.80        0.00
sql      slow_search_query.sql                                                              9     0(0.00%) |      3       2       6      3 |    0.40        0.00
--------|----------------------------------------------------------------------------|-------|-------------|-------|-------|-------|-------|--------|-----------
         Aggregated                                                                        78     0(0.00%) |      2       0      15      0 |    3.60        0.00

Type     Name                                                                          # reqs      # fails |    Avg     Min     Max    Med |   req/s  failures/s
--------|----------------------------------------------------------------------------|-------|-------------|-------|-------|-------|-------|--------|-----------
sql      heavy_analytic_query.sql                                                          17     0(0.00%) |     10       8      15      9 |    0.80        0.00
sql      select_1.sql                                                                      19     0(0.00%) |      0       0       0      0 |    0.60        0.00
sql      select_all_users.sql                                                              20     0(0.00%) |      0       0       1      0 |    0.30        0.00
sql      select_with_join.sql                                                              19     0(0.00%) |      0       0       1      0 |    0.60        0.00
sql      slow_search_query.sql                                                             13     0(0.00%) |      3       2       6      3 |    0.50        0.00
--------|----------------------------------------------------------------------------|-------|-------------|-------|-------|-------|-------|--------|-----------
         Aggregated                                                                        88     0(0.00%) |      2       0      15      0 |    2.80        0.00

Type     Name                                                                          # reqs      # fails |    Avg     Min     Max    Med |   req/s  failures/s
--------|----------------------------------------------------------------------------|-------|-------------|-------|-------|-------|-------|--------|-----------
sql      heavy_analytic_query.sql                                                          18     0(0.00%) |     10       8      15      9 |    0.60        0.00
sql      select_1.sql                                                                      21     0(0.00%) |      0       0       0      0 |    0.70        0.00
sql      select_all_users.sql                                                              21     0(0.00%) |      0       0       1      0 |    0.70        0.00
sql      select_with_join.sql                                                              19     0(0.00%) |      0       0       1      0 |    0.40        0.00
sql      slow_search_query.sql                                                             15     0(0.00%) |      3       2       6      3 |    0.80        0.00
--------|----------------------------------------------------------------------------|-------|-------------|-------|-------|-------|-------|--------|-----------
         Aggregated                                                                        94     0(0.00%) |      2       0      15      0 |    3.20        0.00

Type     Name                                                                          # reqs      # fails |    Avg     Min     Max    Med |   req/s  failures/s
--------|----------------------------------------------------------------------------|-------|-------------|-------|-------|-------|-------|--------|-----------
sql      heavy_analytic_query.sql                                                          21     0(0.00%) |      9       8      15      9 |    0.50        0.00
sql      select_1.sql                                                                      23     0(0.00%) |      0       0       0      0 |    0.80        0.00
sql      select_all_users.sql                                                              23     0(0.00%) |      0       0       1      0 |    0.70        0.00
sql      select_with_join.sql                                                              20     0(0.00%) |      0       0       1      0 |    0.50        0.00
sql      slow_search_query.sql                                                             15     0(0.00%) |      3       2       6      3 |    0.90        0.00
--------|----------------------------------------------------------------------------|-------|-------------|-------|-------|-------|-------|--------|-----------
         Aggregated                                                                       102     0(0.00%) |      2       0      15      0 |    3.40        0.00

Type     Name                                                                          # reqs      # fails |    Avg     Min     Max    Med |   req/s  failures/s
--------|----------------------------------------------------------------------------|-------|-------------|-------|-------|-------|-------|--------|-----------
sql      heavy_analytic_query.sql                                                          24     0(0.00%) |      9       8      15      9 |    0.70        0.00
sql      select_1.sql                                                                      23     0(0.00%) |      0       0       0      0 |    0.80        0.00
sql      select_all_users.sql                                                              25     0(0.00%) |      0       0       1      0 |    0.70        0.00
sql      select_with_join.sql                                                              21     0(0.00%) |      0       0       1      0 |    0.20        0.00
sql      slow_search_query.sql                                                             18     0(0.00%) |      3       2       6      3 |    0.90        0.00
--------|----------------------------------------------------------------------------|-------|-------------|-------|-------|-------|-------|--------|-----------
         Aggregated                                                                       111     0(0.00%) |      2       0      15      0 |    3.30        0.00

Type     Name                                                                          # reqs      # fails |    Avg     Min     Max    Med |   req/s  failures/s
--------|----------------------------------------------------------------------------|-------|-------------|-------|-------|-------|-------|--------|-----------
sql      heavy_analytic_query.sql                                                          24     0(0.00%) |      9       8      15      9 |    0.70        0.00
sql      select_1.sql                                                                      24     0(0.00%) |      0       0       0      0 |    0.70        0.00
sql      select_all_users.sql                                                              28     0(0.00%) |      0       0       1      0 |    0.80        0.00
sql      select_with_join.sql                                                              21     0(0.00%) |      0       0       1      0 |    0.40        0.00
sql      slow_search_query.sql                                                             19     0(0.00%) |      3       2       6      3 |    0.90        0.00
--------|----------------------------------------------------------------------------|-------|-------------|-------|-------|-------|-------|--------|-----------
         Aggregated                                                                       116     0(0.00%) |      2       0      15      0 |    3.50        0.00

Type     Name                                                                          # reqs      # fails |    Avg     Min     Max    Med |   req/s  failures/s
--------|----------------------------------------------------------------------------|-------|-------------|-------|-------|-------|-------|--------|-----------
sql      heavy_analytic_query.sql                                                          24     0(0.00%) |      9       8      15      9 |    0.80        0.00
sql      select_1.sql                                                                      27     0(0.00%) |      0       0       0      0 |    0.60        0.00
sql      select_all_users.sql                                                              30     0(0.00%) |      0       0       1      0 |    1.10        0.00
sql      select_with_join.sql                                                              23     0(0.00%) |      0       0       1      0 |    0.30        0.00
sql      slow_search_query.sql                                                             19     0(0.00%) |      3       2       6      3 |    1.10        0.00
--------|----------------------------------------------------------------------------|-------|-------------|-------|-------|-------|-------|--------|-----------
         Aggregated                                                                       123     0(0.00%) |      2       0      15      0 |    3.90        0.00

Type     Name                                                                          # reqs      # fails |    Avg     Min     Max    Med |   req/s  failures/s
--------|----------------------------------------------------------------------------|-------|-------------|-------|-------|-------|-------|--------|-----------
sql      heavy_analytic_query.sql                                                          27     0(0.00%) |      9       8      15      9 |    0.70        0.00
sql      select_1.sql                                                                      27     0(0.00%) |      0       0       0      0 |    0.70        0.00
sql      select_all_users.sql                                                              34     0(0.00%) |      0       0       1      0 |    0.90        0.00
sql      select_with_join.sql                                                              24     0(0.00%) |      0       0       1      0 |    0.30        0.00
sql      slow_search_query.sql                                                             20     0(0.00%) |      3       2       6      2 |    0.80        0.00
--------|----------------------------------------------------------------------------|-------|-------------|-------|-------|-------|-------|--------|-----------
         Aggregated                                                                       132     0(0.00%) |      2       0      15      0 |    3.40        0.00

Type     Name                                                                          # reqs      # fails |    Avg     Min     Max    Med |   req/s  failures/s
--------|----------------------------------------------------------------------------|-------|-------------|-------|-------|-------|-------|--------|-----------
sql      heavy_analytic_query.sql                                                          28     0(0.00%) |      9       8      15      9 |    0.70        0.00
sql      select_1.sql                                                                      28     0(0.00%) |      0       0       0      0 |    0.80        0.00
sql      select_all_users.sql                                                              34     0(0.00%) |      0       0       1      0 |    1.30        0.00
sql      select_with_join.sql                                                              27     0(0.00%) |      0       0       1      0 |    0.40        0.00
sql      slow_search_query.sql                                                             23     0(0.00%) |      2       2       6      2 |    0.50        0.00
--------|----------------------------------------------------------------------------|-------|-------------|-------|-------|-------|-------|--------|-----------
         Aggregated                                                                       140     0(0.00%) |      2       0      15      0 |    3.70        0.00

Type     Name                                                                          # reqs      # fails |    Avg     Min     Max    Med |   req/s  failures/s
--------|----------------------------------------------------------------------------|-------|-------------|-------|-------|-------|-------|--------|-----------
sql      heavy_analytic_query.sql                                                          30     0(0.00%) |      9       8      15      9 |    0.70        0.00
sql      select_1.sql                                                                      28     0(0.00%) |      0       0       0      0 |    0.60        0.00
sql      select_all_users.sql                                                              34     0(0.00%) |      0       0       1      0 |    1.20        0.00
sql      select_with_join.sql                                                              28     0(0.00%) |      0       0       1      0 |    0.70        0.00
sql      slow_search_query.sql                                                             25     0(0.00%) |      2       2       6      2 |    0.70        0.00
--------|----------------------------------------------------------------------------|-------|-------------|-------|-------|-------|-------|--------|-----------
         Aggregated                                                                       145     0(0.00%) |      2       0      15      0 |    3.90        0.00

Type     Name                                                                          # reqs      # fails |    Avg     Min     Max    Med |   req/s  failures/s
--------|----------------------------------------------------------------------------|-------|-------------|-------|-------|-------|-------|--------|-----------
sql      heavy_analytic_query.sql                                                          31     0(0.00%) |      9       8      15      9 |    0.50        0.00
sql      select_1.sql                                                                      30     0(0.00%) |      0       0       0      0 |    0.50        0.00
sql      select_all_users.sql                                                              34     0(0.00%) |      0       0       1      0 |    1.10        0.00
sql      select_with_join.sql                                                              29     0(0.00%) |      0       0       1      0 |    0.70        0.00
sql      slow_search_query.sql                                                             27     0(0.00%) |      2       2       6      2 |    0.80        0.00
--------|----------------------------------------------------------------------------|-------|-------------|-------|-------|-------|-------|--------|-----------
         Aggregated                                                                       151     0(0.00%) |      2       0      15      0 |    3.60        0.00

Type     Name                                                                          # reqs      # fails |    Avg     Min     Max    Med |   req/s  failures/s
--------|----------------------------------------------------------------------------|-------|-------------|-------|-------|-------|-------|--------|-----------
sql      heavy_analytic_query.sql                                                          33     0(0.00%) |      9       8      15      9 |    0.60        0.00
sql      select_1.sql                                                                      31     0(0.00%) |      0       0       0      0 |    0.60        0.00
sql      select_all_users.sql                                                              35     0(0.00%) |      0       0       1      0 |    0.80        0.00
sql      select_with_join.sql                                                              30     0(0.00%) |      0       0       1      0 |    0.70        0.00
sql      slow_search_query.sql                                                             31     0(0.00%) |      2       2       6      2 |    0.70        0.00
--------|----------------------------------------------------------------------------|-------|-------------|-------|-------|-------|-------|--------|-----------
         Aggregated                                                                       160     0(0.00%) |      2       0      15      0 |    3.40        0.00

Type     Name                                                                          # reqs      # fails |    Avg     Min     Max    Med |   req/s  failures/s
--------|----------------------------------------------------------------------------|-------|-------------|-------|-------|-------|-------|--------|-----------
sql      heavy_analytic_query.sql                                                          34     0(0.00%) |      9       8      15      9 |    0.80        0.00
sql      select_1.sql                                                                      33     0(0.00%) |      0       0       0      0 |    0.60        0.00
sql      select_all_users.sql                                                              38     0(0.00%) |      0       0       1      0 |    0.70        0.00
sql      select_with_join.sql                                                              30     0(0.00%) |      0       0       1      0 |    0.90        0.00
sql      slow_search_query.sql                                                             31     0(0.00%) |      2       2       6      2 |    1.00        0.00
--------|----------------------------------------------------------------------------|-------|-------------|-------|-------|-------|-------|--------|-----------
         Aggregated                                                                       166     0(0.00%) |      2       0      15      0 |    4.00        0.00

Type     Name                                                                          # reqs      # fails |    Avg     Min     Max    Med |   req/s  failures/s
--------|----------------------------------------------------------------------------|-------|-------------|-------|-------|-------|-------|--------|-----------
sql      heavy_analytic_query.sql                                                          36     0(0.00%) |      9       8      15      9 |    0.80        0.00
sql      select_1.sql                                                                      34     0(0.00%) |      0       0       0      0 |    0.50        0.00
sql      select_all_users.sql                                                              39     0(0.00%) |      0       0       1      0 |    0.30        0.00
sql      select_with_join.sql                                                              30     0(0.00%) |      0       0       1      0 |    0.70        0.00
sql      slow_search_query.sql                                                             34     0(0.00%) |      2       2       6      2 |    1.20        0.00
--------|----------------------------------------------------------------------------|-------|-------------|-------|-------|-------|-------|--------|-----------
         Aggregated                                                                       173     0(0.00%) |      2       0      15      0 |    3.50        0.00

Type     Name                                                                          # reqs      # fails |    Avg     Min     Max    Med |   req/s  failures/s
--------|----------------------------------------------------------------------------|-------|-------------|-------|-------|-------|-------|--------|-----------
sql      heavy_analytic_query.sql                                                          37     0(0.00%) |      9       8      15      9 |    0.80        0.00
sql      select_1.sql                                                                      35     0(0.00%) |      0       0       0      0 |    0.70        0.00
sql      select_all_users.sql                                                              40     0(0.00%) |      0       0       1      0 |    0.40        0.00
sql      select_with_join.sql                                                              31     0(0.00%) |      0       0       1      0 |    0.40        0.00
sql      slow_search_query.sql                                                             37     0(0.00%) |      2       2       6      2 |    1.20        0.00
--------|----------------------------------------------------------------------------|-------|-------------|-------|-------|-------|-------|--------|-----------
         Aggregated                                                                       180     0(0.00%) |      2       0      15      0 |    3.50        0.00

Type     Name                                                                          # reqs      # fails |    Avg     Min     Max    Med |   req/s  failures/s
--------|----------------------------------------------------------------------------|-------|-------------|-------|-------|-------|-------|--------|-----------
sql      heavy_analytic_query.sql                                                          41     0(0.00%) |      9       8      15      9 |    0.90        0.00
sql      select_1.sql                                                                      36     0(0.00%) |      0       0       0      0 |    0.60        0.00
sql      select_all_users.sql                                                              42     0(0.00%) |      0       0       1      0 |    0.50        0.00
sql      select_with_join.sql                                                              33     0(0.00%) |      0       0       1      0 |    0.20        0.00
sql      slow_search_query.sql                                                             37     0(0.00%) |      2       2       6      2 |    1.20        0.00
--------|----------------------------------------------------------------------------|-------|-------------|-------|-------|-------|-------|--------|-----------
         Aggregated                                                                       189     0(0.00%) |      2       0      15      0 |    3.40        0.00

Type     Name                                                                          # reqs      # fails |    Avg     Min     Max    Med |   req/s  failures/s
--------|----------------------------------------------------------------------------|-------|-------------|-------|-------|-------|-------|--------|-----------
sql      heavy_analytic_query.sql                                                          43     0(0.00%) |      9       8      15      9 |    0.90        0.00
sql      select_1.sql                                                                      38     0(0.00%) |      0       0       0      0 |    0.60        0.00
sql      select_all_users.sql                                                              42     0(0.00%) |      0       0       1      0 |    0.70        0.00
sql      select_with_join.sql                                                              33     0(0.00%) |      0       0       1      0 |    0.30        0.00
sql      slow_search_query.sql                                                             39     0(0.00%) |      2       2       6      2 |    1.10        0.00
--------|----------------------------------------------------------------------------|-------|-------------|-------|-------|-------|-------|--------|-----------
         Aggregated                                                                       195     0(0.00%) |      2       0      15      0 |    3.60        0.00

Type     Name                                                                          # reqs      # fails |    Avg     Min     Max    Med |   req/s  failures/s
--------|----------------------------------------------------------------------------|-------|-------------|-------|-------|-------|-------|--------|-----------
sql      heavy_analytic_query.sql                                                          43     0(0.00%) |      9       8      15      9 |    1.10        0.00
sql      select_1.sql                                                                      39     0(0.00%) |      0       0       0      0 |    0.70        0.00
sql      select_all_users.sql                                                              42     0(0.00%) |      0       0       1      0 |    0.70        0.00
sql      select_with_join.sql                                                              33     0(0.00%) |      0       0       1      0 |    0.30        0.00
sql      slow_search_query.sql                                                             45     0(0.00%) |      2       2       6      2 |    0.90        0.00
--------|----------------------------------------------------------------------------|-------|-------------|-------|-------|-------|-------|--------|-----------
         Aggregated                                                                       202     0(0.00%) |      2       0      15      0 |    3.70        0.00

[2025-12-30 09:24:11,697] 0d810e48f0e4/INFO/locust.main: --run-time limit reached, shutting down
[2025-12-30 09:24:11,731] 0d810e48f0e4/INFO/locust.main: Shutting down (exit code 0)
Type     Name                                                                          # reqs      # fails |    Avg     Min     Max    Med |   req/s  failures/s
--------|----------------------------------------------------------------------------|-------|-------------|-------|-------|-------|-------|--------|-----------
sql      heavy_analytic_query.sql                                                          44     0(0.00%) |      9       8      15      9 |    0.74        0.00
sql      select_1.sql                                                                      40     0(0.00%) |      0       0       0      0 |    0.67        0.00
sql      select_all_users.sql                                                              43     0(0.00%) |      0       0       1      0 |    0.72        0.00
sql      select_with_join.sql                                                              38     0(0.00%) |      0       0       1      0 |    0.64        0.00
sql      slow_search_query.sql                                                             46     0(0.00%) |      2       2       6      2 |    0.77        0.00
--------|----------------------------------------------------------------------------|-------|-------------|-------|-------|-------|-------|--------|-----------
         Aggregated                                                                       211     0(0.00%) |      2       0      15      0 |    3.55        0.00

Response time percentiles (approximated)
Type     Name                                                                                  50%    66%    75%    80%    90%    95%    98%    99%  99.9% 99.99%   100% # reqs
--------|--------------------------------------------------------------------------------|--------|------|------|------|------|------|------|------|------|------|------|------
sql      heavy_analytic_query.sql                                                                9      9      9      9     12     12     15     15     15     15     15     44
sql      select_1.sql                                                                            0      0      0      0      0      0      0      0      0      0      0     40
sql      select_all_users.sql                                                                    0      0      0      0      0      1      1      1      1      1      1     43
sql      select_with_join.sql                                                                    0      0      0      0      1      1      1      1      1      1      1     38
sql      slow_search_query.sql                                                                   2      2      3      3      4      6      6      6      6      6      6     46
--------|--------------------------------------------------------------------------------|--------|------|------|------|------|------|------|------|------|------|------|------
         Aggregated                                                                              0      2      3      8      9      9     12     12     15     15     15    211

